platforms/android/app/build/outputs/logs/manifest-merger-F0-F1-F2-F3-F4-F5-F6-F7-F8-F9-F10-F11-release-report.txt
-- Merging decision tree log ---
manifest
ADDED from src\main\AndroidManifest.xml:2:1-19:12
	package
		ADDED from src\main\AndroidManifest.xml:3:64-97
		INJECTED from src\main\AndroidManifest.xml
		INJECTED from src\F6\AndroidManifest.xml
	android:versionName
		ADDED from src\main\AndroidManifest.xml:3:122-147
		INJECTED from src\main\AndroidManifest.xml
		ADDED from src\main\AndroidManifest.xml:3:122-147
		INJECTED from src\F6\AndroidManifest.xml
	android:versionCode
		ADDED from src\main\AndroidManifest.xml:3:98-121
		INJECTED from src\main\AndroidManifest.xml
		ADDED from src\main\AndroidManifest.xml:3:98-121
		INJECTED from src\F6\AndroidManifest.xml
	xmlns:android
		ADDED from src\main\AndroidManifest.xml:3:5-63
supports-screens
ADDED from src\main\AndroidManifest.xml:4:5-139
	android:largeScreens
		ADDED from src\main\AndroidManifest.xml:4:80-107
	android:smallScreens
		ADDED from src\main\AndroidManifest.xml:4:23-50
	android:normalScreens
		ADDED from src\main\AndroidManifest.xml:4:51-79
	android:xlargeScreens
		ADDED from src\main\AndroidManifest.xml:4:108-136
uses-sdk
ADDED from src\main\AndroidManifest.xml:5:5-74
MERGED from [com.romandanylyk:pageindicatorview:0.2.0] AndroidManifest.xml:8:5-10:41
MERGED from [com.github.andyxialm:ColorDialog:fc1804b35a] AndroidManifest.xml:7:5-9:41
MERGED from [com.android.support:design:26.0.0-alpha1] AndroidManifest.xml:21:5-23:62
MERGED from [com.android.support:transition:26.0.0-alpha1] AndroidManifest.xml:20:5-44
MERGED from [pl.droidsonroids.gif:android-gif-drawable:1.1.17] AndroidManifest.xml:7:5-9:41
MERGED from [com.paypal.sdk:paypal-android-sdk:2.14.2] AndroidManifest.xml:5:5-7:41
MERGED from [io.card:android-sdk:5.3.4] AndroidManifest.xml:7:5-9:41
MERGED from [com.android.support:appcompat-v7:26.0.0-alpha1] AndroidManifest.xml:21:5-23:78
MERGED from [com.android.support:animated-vector-drawable:26.0.0-alpha1] AndroidManifest.xml:20:5-44
MERGED from [com.android.support:support-vector-drawable:26.0.0-alpha1] AndroidManifest.xml:20:5-44
MERGED from [com.android.support:recyclerview-v7:26.0.0-alpha1] AndroidManifest.xml:20:5-44
MERGED from [com.android.support:support-v4:26.0.0-alpha1] AndroidManifest.xml:21:5-23:54
MERGED from [com.android.support:support-media-compat:26.0.0-alpha1] AndroidManifest.xml:21:5-23:63
MERGED from [com.android.support:support-fragment:26.0.0-alpha1] AndroidManifest.xml:21:5-23:60
MERGED from [com.android.support:support-core-ui:26.0.0-alpha1] AndroidManifest.xml:21:5-23:58
MERGED from [com.android.support:support-core-utils:26.0.0-alpha1] AndroidManifest.xml:21:5-23:61
MERGED from [com.android.support:support-compat:26.0.0-alpha1] AndroidManifest.xml:21:5-23:58
MERGED from [:nativescript-optimized:] AndroidManifest.xml:7:5-9:41
MERGED from [:AVLoadingIndicatorView-release:] AndroidManifest.xml:7:5-9:41
MERGED from [:Feedback-release:] AndroidManifest.xml:7:5-9:41
MERGED from [:TNSAutoComplete-release:] AndroidManifest.xml:7:5-9:41
MERGED from [:TNSCalendar-release:] AndroidManifest.xml:7:5-9:41
MERGED from [:TNSChart-release:] AndroidManifest.xml:7:5-9:41
MERGED from [:TNSCore-release:] AndroidManifest.xml:7:5-9:41
MERGED from [:TNSDataForm-release:] AndroidManifest.xml:7:5-9:41
MERGED from [:TNSGauge-release:] AndroidManifest.xml:7:5-9:41
MERGED from [:TNSListView-release:] AndroidManifest.xml:7:5-9:41
MERGED from [:TNSSideDrawer-release:] AndroidManifest.xml:7:5-9:41
MERGED from [:widgets-release:] AndroidManifest.xml:7:5-9:41
	tools:overrideLibrary
		ADDED from [com.android.support:design:26.0.0-alpha1] AndroidManifest.xml:23:9-59
	android:targetSdkVersion
		ADDED from src\main\AndroidManifest.xml:5:42-71
		INJECTED from src\main\AndroidManifest.xml
		INJECTED from src\F6\AndroidManifest.xml
	android:minSdkVersion
		ADDED from src\main\AndroidManifest.xml:5:15-41
		INJECTED from src\main\AndroidManifest.xml
		INJECTED from src\F6\AndroidManifest.xml
uses-permission#android.permission.INTERNET
ADDED from src\main\AndroidManifest.xml:6:5-67
MERGED from src\main\AndroidManifest.xml:6:5-67
MERGED from [com.paypal.sdk:paypal-android-sdk:2.14.2] AndroidManifest.xml:10:5-67
	android:name
		ADDED from src\main\AndroidManifest.xml:6:22-64
uses-permission#android.permission.READ_EXTERNAL_STORAGE
ADDED from src\main\AndroidManifest.xml:7:5-80
	android:name
		ADDED from src\main\AndroidManifest.xml:7:22-77
uses-permission#android.permission.WRITE_EXTERNAL_STORAGE
ADDED from src\main\AndroidManifest.xml:8:5-81
	android:name
		ADDED from src\main\AndroidManifest.xml:8:22-78
application
ADDED from src\main\AndroidManifest.xml:9:5-18:19
MERGED from src\main\AndroidManifest.xml:9:5-18:19
MERGED from [com.github.andyxialm:ColorDialog:fc1804b35a] AndroidManifest.xml:11:5-15:19
MERGED from [com.android.support:design:26.0.0-alpha1] AndroidManifest.xml:29:5-20
MERGED from [com.android.support:transition:26.0.0-alpha1] AndroidManifest.xml:26:5-20
MERGED from [com.paypal.sdk:paypal-android-sdk:2.14.2] AndroidManifest.xml:12:5-26:19
MERGED from [io.card:android-sdk:5.3.4] AndroidManifest.xml:21:5-26:19
MERGED from [com.android.support:appcompat-v7:26.0.0-alpha1] AndroidManifest.xml:29:5-20
MERGED from [com.android.support:animated-vector-drawable:26.0.0-alpha1] AndroidManifest.xml:26:5-20
MERGED from [com.android.support:support-vector-drawable:26.0.0-alpha1] AndroidManifest.xml:26:5-20
MERGED from [com.android.support:support-v4:26.0.0-alpha1] AndroidManifest.xml:29:5-20
MERGED from [com.android.support:support-media-compat:26.0.0-alpha1] AndroidManifest.xml:29:5-20
MERGED from [com.android.support:support-fragment:26.0.0-alpha1] AndroidManifest.xml:29:5-20
MERGED from [com.android.support:support-core-ui:26.0.0-alpha1] AndroidManifest.xml:29:5-20
MERGED from [com.android.support:support-core-utils:26.0.0-alpha1] AndroidManifest.xml:29:5-20
MERGED from [com.android.support:support-compat:26.0.0-alpha1] AndroidManifest.xml:29:5-20
MERGED from [:Feedback-release:] AndroidManifest.xml:11:5-32:19
MERGED from [:widgets-release:] AndroidManifest.xml:11:5-12:19
	android:label
		ADDED from src\main\AndroidManifest.xml:9:122-154
		ADDED from src\main\AndroidManifest.xml:9:122-154
	android:supportsRtl
		ADDED from [com.github.andyxialm:ColorDialog:fc1804b35a] AndroidManifest.xml:14:9-35
	android:allowBackup
		ADDED from src\main\AndroidManifest.xml:9:65-91
		ADDED from src\main\AndroidManifest.xml:9:65-91
	android:icon
		ADDED from src\main\AndroidManifest.xml:9:92-121
		ADDED from src\main\AndroidManifest.xml:9:92-121
	android:theme
		ADDED from src\main\AndroidManifest.xml:9:155-186
		ADDED from src\main\AndroidManifest.xml:9:155-186
	android:name
		ADDED from src\main\AndroidManifest.xml:9:18-64
		ADDED from src\main\AndroidManifest.xml:9:18-64
activity#com.tns.NativeScriptActivity
ADDED from src\main\AndroidManifest.xml:10:9-16:20
	android:label
		ADDED from src\main\AndroidManifest.xml:10:63-108
	android:configChanges
		ADDED from src\main\AndroidManifest.xml:10:109-170
	android:theme
		ADDED from src\main\AndroidManifest.xml:10:171-211
	android:name
		ADDED from src\main\AndroidManifest.xml:10:19-62
meta-data#SET_THEME_ON_LAUNCH
ADDED from src\main\AndroidManifest.xml:11:13-96
	android:resource
		ADDED from src\main\AndroidManifest.xml:11:59-93
	android:name
		ADDED from src\main\AndroidManifest.xml:11:24-58
intent-filter#android.intent.action.MAIN+android.intent.category.LAUNCHER
ADDED from src\main\AndroidManifest.xml:12:13-15:29
action#android.intent.action.MAIN
ADDED from src\main\AndroidManifest.xml:13:17-69
	android:name
		ADDED from src\main\AndroidManifest.xml:13:25-66
category#android.intent.category.LAUNCHER
ADDED from src\main\AndroidManifest.xml:14:17-77
	android:name
		ADDED from src\main\AndroidManifest.xml:14:27-74
activity#com.tns.ErrorReportActivity
ADDED from src\main\AndroidManifest.xml:17:9-64
	android:name
		ADDED from src\main\AndroidManifest.xml:17:19-61
uses-permission#android.permission.ACCESS_WIFI_STATE
ADDED from src\F7\AndroidManifest.xml:5:5-76
	android:name
		ADDED from src\F7\AndroidManifest.xml:5:22-73
uses-permission#android.permission.ACCESS_NETWORK_STATE
ADDED from src\F7\AndroidManifest.xml:6:5-79
MERGED from [com.paypal.sdk:paypal-android-sdk:2.14.2] AndroidManifest.xml:9:5-79
	android:name
		ADDED from src\F7\AndroidManifest.xml:6:22-76
uses-permission#android.permission.CAMERA
ADDED from src\F7\AndroidManifest.xml:7:5-65
MERGED from [io.card:android-sdk:5.3.4] AndroidManifest.xml:11:5-65
	android:name
		ADDED from src\F7\AndroidManifest.xml:7:22-62
uses-permission#android.permission.VIBRATE
ADDED from src\F7\AndroidManifest.xml:8:5-66
MERGED from [io.card:android-sdk:5.3.4] AndroidManifest.xml:12:5-66
	android:name
		ADDED from src\F7\AndroidManifest.xml:8:22-63
uses-feature#android.hardware.camera
ADDED from src\F7\AndroidManifest.xml:14:5-15:46
MERGED from [io.card:android-sdk:5.3.4] AndroidManifest.xml:14:5-16:36
	android:required
		ADDED from src\F7\AndroidManifest.xml:15:19-43
	android:name
		ADDED from src\F7\AndroidManifest.xml:14:19-57
uses-feature#android.hardware.camera.autofocus
ADDED from src\F7\AndroidManifest.xml:16:5-17:46
MERGED from [io.card:android-sdk:5.3.4] AndroidManifest.xml:17:5-19:36
	android:required
		ADDED from src\F7\AndroidManifest.xml:17:19-43
	android:name
		ADDED from src\F7\AndroidManifest.xml:16:19-67
meta-data#android.support.VERSION
ADDED from [com.android.support:design:26.0.0-alpha1] AndroidManifest.xml:25:5-27:41
MERGED from [com.android.support:transition:26.0.0-alpha1] AndroidManifest.xml:22:5-24:41
MERGED from [com.android.support:appcompat-v7:26.0.0-alpha1] AndroidManifest.xml:25:5-27:41
MERGED from [com.android.support:animated-vector-drawable:26.0.0-alpha1] AndroidManifest.xml:22:5-24:41
MERGED from [com.android.support:support-vector-drawable:26.0.0-alpha1] AndroidManifest.xml:22:5-24:41
MERGED from [com.android.support:recyclerview-v7:26.0.0-alpha1] AndroidManifest.xml:22:5-24:41
MERGED from [com.android.support:support-v4:26.0.0-alpha1] AndroidManifest.xml:25:5-27:41
MERGED from [com.android.support:support-media-compat:26.0.0-alpha1] AndroidManifest.xml:25:5-27:41
MERGED from [com.android.support:support-fragment:26.0.0-alpha1] AndroidManifest.xml:25:5-27:41
MERGED from [com.android.support:support-core-ui:26.0.0-alpha1] AndroidManifest.xml:25:5-27:41
MERGED from [com.android.support:support-core-utils:26.0.0-alpha1] AndroidManifest.xml:25:5-27:41
MERGED from [com.android.support:support-compat:26.0.0-alpha1] AndroidManifest.xml:25:5-27:41
	android:value
		ADDED from [com.android.support:design:26.0.0-alpha1] AndroidManifest.xml:27:9-38
	android:name
		ADDED from [com.android.support:design:26.0.0-alpha1] AndroidManifest.xml:26:9-47
activity#com.paypal.android.sdk.payments.PaymentActivity
MERGED from [com.paypal.sdk:paypal-android-sdk:2.14.2] AndroidManifest.xml:13:9-84
activity#com.paypal.android.sdk.payments.PaymentMethodActivity
MERGED from [com.paypal.sdk:paypal-android-sdk:2.14.2] AndroidManifest.xml:14:9-90
activity#com.paypal.android.sdk.payments.PaymentConfirmActivity
MERGED from [com.paypal.sdk:paypal-android-sdk:2.14.2] AndroidManifest.xml:15:9-91
activity#com.paypal.android.sdk.payments.LoginActivity
MERGED from [com.paypal.sdk:paypal-android-sdk:2.14.2] AndroidManifest.xml:16:9-82
activity#com.paypal.android.sdk.payments.PayPalFuturePaymentActivity
MERGED from [com.paypal.sdk:paypal-android-sdk:2.14.2] AndroidManifest.xml:17:9-96
activity#com.paypal.android.sdk.payments.FuturePaymentConsentActivity
MERGED from [com.paypal.sdk:paypal-android-sdk:2.14.2] AndroidManifest.xml:18:9-97
activity#com.paypal.android.sdk.payments.FuturePaymentInfoActivity
MERGED from [com.paypal.sdk:paypal-android-sdk:2.14.2] AndroidManifest.xml:19:9-94
activity#com.paypal.android.sdk.payments.PayPalProfileSharingActivity
ADDED from [com.paypal.sdk:paypal-android-sdk:2.14.2] AndroidManifest.xml:20:9-97
	android:name
		ADDED from [com.paypal.sdk:paypal-android-sdk:2.14.2] AndroidManifest.xml:20:19-94
activity#com.paypal.android.sdk.payments.ProfileSharingConsentActivity
ADDED from [com.paypal.sdk:paypal-android-sdk:2.14.2] AndroidManifest.xml:21:9-98
	android:name
		ADDED from [com.paypal.sdk:paypal-android-sdk:2.14.2] AndroidManifest.xml:21:19-95
service#com.paypal.android.sdk.payments.PayPalService
MERGED from [com.paypal.sdk:paypal-android-sdk:2.14.2] AndroidManifest.xml:23:9-25:40
activity#io.card.payment.CardIOActivity
ADDED from [io.card:android-sdk:5.3.4] AndroidManifest.xml:22:9-24:66
	android:configChanges
		ADDED from [io.card:android-sdk:5.3.4] AndroidManifest.xml:24:13-63
	android:name
		ADDED from [io.card:android-sdk:5.3.4] AndroidManifest.xml:23:13-58
activity#io.card.payment.DataEntryActivity
MERGED from [io.card:android-sdk:5.3.4] AndroidManifest.xml:25:9-70
activity#com.telerik.widget.feedback.SendFeedbackActivity
ADDED from [:Feedback-release:] AndroidManifest.xml:12:9-16:20
	android:label
		ADDED from [:Feedback-release:] AndroidManifest.xml:14:13-65
	android:theme
		ADDED from [:Feedback-release:] AndroidManifest.xml:15:13-50
	android:name
		ADDED from [:Feedback-release:] AndroidManifest.xml:13:13-76
activity#com.telerik.widget.feedback.ViewFeedbackActivity
ADDED from [:Feedback-release:] AndroidManifest.xml:17:9-21:20
	android:label
		ADDED from [:Feedback-release:] AndroidManifest.xml:19:13-65
	android:theme
		ADDED from [:Feedback-release:] AndroidManifest.xml:20:13-50
	android:name
		ADDED from [:Feedback-release:] AndroidManifest.xml:18:13-76
activity#com.telerik.widget.feedback.ViewFeedbackItemActivity
ADDED from [:Feedback-release:] AndroidManifest.xml:22:9-26:20
	android:label
		ADDED from [:Feedback-release:] AndroidManifest.xml:24:13-65
	android:theme
		ADDED from [:Feedback-release:] AndroidManifest.xml:25:13-50
	android:name
		ADDED from [:Feedback-release:] AndroidManifest.xml:23:13-80
activity#com.telerik.widget.feedback.EditDetailsActivity
ADDED from [:Feedback-release:] AndroidManifest.xml:27:9-31:20
	android:label
		ADDED from [:Feedback-release:] AndroidManifest.xml:29:13-64
	android:theme
		ADDED from [:Feedback-release:] AndroidManifest.xml:30:13-50
	android:name
		ADDED from [:Feedback-release:] AndroidManifest.xml:28:13-75